16:31:57.480 [main] INFO  com.petstore.stepDefinitions.PetDetails - User enter the home page
16:31:58.949 [main] INFO  com.petstore.stepDefinitions.PetDetails - I verify the page title
16:32:43.087 [main] INFO  com.petstore.stepDefinitions.PetDetails - User enter the home page
16:32:44.600 [main] INFO  com.petstore.stepDefinitions.PetDetails - I verify the page title
16:59:10.949 [main] INFO  com.petstore.stepDefinitions.PetDetails - User enter the home page
16:59:12.638 [main] INFO  com.petstore.stepDefinitions.PetDetails - I verify the page title
16:59:26.890 [main] INFO  com.petstore.stepDefinitions.PetDetails - The user is on the home page
16:59:28.387 [main] INFO  com.petstore.stepDefinitions.PetDetails - User enter the login credentials {string} and {string}
16:59:33.709 [main] INFO  com.petstore.stepDefinitions.PetDetails - Validate user login successfully
16:59:49.075 [main] INFO  com.petstore.stepDefinitions.PetDetails - The user is on the home page
16:59:50.568 [main] INFO  com.petstore.stepDefinitions.PetDetails - User enter the login credentials {string} and {string}
16:59:57.029 [main] INFO  com.petstore.stepDefinitions.PetDetails - Validate user login successfully
17:00:06.024 [main] INFO  com.petstore.stepDefinitions.PetDetails - The user is on the home page
17:00:07.410 [main] INFO  com.petstore.stepDefinitions.PetDetails - User enter the login credentials {string} and {string}
17:00:11.822 [main] INFO  com.petstore.stepDefinitions.PetDetails - Validate user login successfully
17:00:25.067 [main] INFO  com.petstore.stepDefinitions.PetDetails - The user is on home page
17:00:26.671 [main] INFO  com.petstore.stepDefinitions.PetDetails - Select the pet,Get the pet list and select the pet you like
17:00:30.680 [main] INFO  com.petstore.stepDefinitions.PetDetails - Validating the product title, description, price, images, and availability.
17:00:33.055 [main] INFO  com.petstore.stepDefinitions.PetDetails - Validate pet added products to the cart.
17:00:42.087 [main] INFO  com.petstore.stepDefinitions.PetDetails - User is on the home page
17:00:43.784 [main] INFO  com.petstore.stepDefinitions.PetDetails - User enter the login credentials {string} and {string}
17:00:47.535 [main] INFO  com.petstore.stepDefinitions.PetDetails - User enters personal details {string}, {string}, {string}, {string}, {string}, {string}, {string}, {string}, {string}, and {string}
17:00:51.768 [main] INFO  com.petstore.stepDefinitions.PetDetails - User enters profile details {string}, {string}, {string}, and {string}
17:00:56.184 [main] INFO  com.petstore.stepDefinitions.PetDetails - User is registered successfully
17:01:07.076 [main] INFO  com.petstore.stepDefinitions.PetDetails - User is on the home page
17:01:08.529 [main] INFO  com.petstore.stepDefinitions.PetDetails - User enter the login credentials {string} and {string}
17:01:12.570 [main] INFO  com.petstore.stepDefinitions.PetDetails - User enters personal details {string}, {string}, {string}, {string}, {string}, {string}, {string}, {string}, {string}, and {string}
17:01:16.541 [main] INFO  com.petstore.stepDefinitions.PetDetails - User enters profile details {string}, {string}, {string}, and {string}
17:01:20.012 [main] INFO  com.petstore.stepDefinitions.PetDetails - User is registered successfully
17:01:29.425 [main] INFO  com.petstore.stepDefinitions.PetDetails - User is on the home page
17:01:30.832 [main] INFO  com.petstore.stepDefinitions.PetDetails - User enter the login credentials {string} and {string}
17:01:34.655 [main] INFO  com.petstore.stepDefinitions.PetDetails - User enters personal details {string}, {string}, {string}, {string}, {string}, {string}, {string}, {string}, {string}, and {string}
17:01:38.634 [main] INFO  com.petstore.stepDefinitions.PetDetails - User enters profile details {string}, {string}, {string}, and {string}
17:01:42.988 [main] INFO  com.petstore.stepDefinitions.PetDetails - User is registered successfully
17:01:53.056 [main] INFO  com.petstore.stepDefinitions.PetDetails - User is on the home page
17:01:54.427 [main] INFO  com.petstore.stepDefinitions.PetDetails - User enter the login credentials {string} and {string}
17:01:57.886 [main] INFO  com.petstore.stepDefinitions.PetDetails - User enters personal details {string}, {string}, {string}, {string}, {string}, {string}, {string}, {string}, {string}, and {string}
17:02:01.735 [main] INFO  com.petstore.stepDefinitions.PetDetails - User enters profile details {string}, {string}, {string}, and {string}
17:02:06.580 [main] INFO  com.petstore.stepDefinitions.PetDetails - User is registered successfully
17:02:15.030 [main] INFO  com.petstore.stepDefinitions.PetDetails - User is on the home page
17:02:16.414 [main] INFO  com.petstore.stepDefinitions.PetDetails - User enter the login credentials {string} and {string}
17:02:19.867 [main] INFO  com.petstore.stepDefinitions.PetDetails - User enters personal details {string}, {string}, {string}, {string}, {string}, {string}, {string}, {string}, {string}, and {string}
17:02:23.661 [main] INFO  com.petstore.stepDefinitions.PetDetails - User enters profile details {string}, {string}, {string}, and {string}
17:02:27.229 [main] INFO  com.petstore.stepDefinitions.PetDetails - User is registered successfully
17:02:41.830 [main] INFO  com.petstore.stepDefinitions.PetDetails - the user is on home page
17:02:43.285 [main] INFO  com.petstore.stepDefinitions.PetDetails - user search for a {string}, get the pet list and select a pet
17:02:46.858 [main] INFO  com.petstore.stepDefinitions.PetDetails - user validate the price of the pet
17:02:59.590 [main] INFO  com.petstore.stepDefinitions.PetDetails - the user is on home page
17:03:01.289 [main] INFO  com.petstore.stepDefinitions.PetDetails - user search for a {string}, get the pet list and select a pet
17:03:05.039 [main] INFO  com.petstore.stepDefinitions.PetDetails - user validate the price of the pet
17:03:16.356 [main] INFO  com.petstore.stepDefinitions.PetDetails - the user is on home page
17:03:17.774 [main] INFO  com.petstore.stepDefinitions.PetDetails - user search for a {string}, get the pet list and select a pet
17:03:20.951 [main] INFO  com.petstore.stepDefinitions.PetDetails - user validate the price of the pet
17:03:32.698 [main] INFO  com.petstore.stepDefinitions.PetDetails - the user is on home page
17:03:34.081 [main] INFO  com.petstore.stepDefinitions.PetDetails - user search for a {string}, get the pet list and select a pet
17:03:37.660 [main] INFO  com.petstore.stepDefinitions.PetDetails - user validate the price of the pet
17:03:48.735 [main] INFO  com.petstore.stepDefinitions.PetDetails - the user is on home page
17:03:50.186 [main] INFO  com.petstore.stepDefinitions.PetDetails - user search for a {string}, get the pet list and select a pet
17:03:53.253 [main] INFO  com.petstore.stepDefinitions.PetDetails - user validate the price of the pet
17:04:04.141 [main] INFO  com.petstore.stepDefinitions.PetDetails - the user is on home page to buy pet
17:04:05.517 [main] INFO  com.petstore.stepDefinitions.PetDetails - Open pet list
17:04:07.350 [main] INFO  com.petstore.stepDefinitions.PetDetails - add pets to cart
17:04:26.043 [main] INFO  com.petstore.stepDefinitions.PetDetails - remove and update quantities
17:04:29.881 [main] INFO  com.petstore.stepDefinitions.PetDetails - validate proceeding to checkout
18:55:09.139 [TestNG-tests-2] INFO  com.petstore.stepDefinitions.PetDetails - User enter the home page
18:55:09.635 [TestNG-tests-3] INFO  com.petstore.stepDefinitions.PetDetails - User enter the home page
18:55:11.667 [TestNG-tests-1] INFO  com.petstore.stepDefinitions.PetDetails - User enter the home page
18:55:39.459 [TestNG-tests-1] INFO  com.petstore.stepDefinitions.PetDetails - The user is on the home page
18:55:41.039 [TestNG-tests-1] INFO  com.petstore.stepDefinitions.PetDetails - User enter the login credentials {string} and {string}
18:55:44.718 [TestNG-tests-2] INFO  com.petstore.stepDefinitions.PetDetails - The user is on the home page
18:55:46.736 [TestNG-tests-1] INFO  com.petstore.stepDefinitions.PetDetails - Validate user login successfully
18:55:47.734 [TestNG-tests-3] INFO  com.petstore.stepDefinitions.PetDetails - The user is on the home page
18:56:13.794 [TestNG-tests-3] INFO  com.petstore.stepDefinitions.PetDetails - The user is on the home page
18:56:16.683 [TestNG-tests-3] INFO  com.petstore.stepDefinitions.PetDetails - User enter the login credentials {string} and {string}
18:56:19.635 [TestNG-tests-2] INFO  com.petstore.stepDefinitions.PetDetails - The user is on the home page
18:56:44.923 [TestNG-tests-1] INFO  com.petstore.stepDefinitions.PetDetails - The user is on the home page
18:56:45.744 [TestNG-tests-2] INFO  com.petstore.stepDefinitions.PetDetails - The user is on the home page
18:56:48.482 [TestNG-tests-1] INFO  com.petstore.stepDefinitions.PetDetails - User enter the login credentials {string} and {string}
18:56:48.612 [TestNG-tests-2] INFO  com.petstore.stepDefinitions.PetDetails - User enter the login credentials {string} and {string}
18:56:49.785 [TestNG-tests-3] INFO  com.petstore.stepDefinitions.PetDetails - The user is on the home page
18:56:51.141 [TestNG-tests-3] INFO  com.petstore.stepDefinitions.PetDetails - User enter the login credentials {string} and {string}
18:56:52.118 [TestNG-tests-1] INFO  com.petstore.stepDefinitions.PetDetails - Validate user login successfully
18:56:52.667 [TestNG-tests-2] INFO  com.petstore.stepDefinitions.PetDetails - Validate user login successfully
18:57:22.576 [TestNG-tests-1] INFO  com.petstore.stepDefinitions.PetDetails - The user is on home page
18:57:25.528 [TestNG-tests-1] INFO  com.petstore.stepDefinitions.PetDetails - Select the pet,Get the pet list and select the pet you like
18:57:54.734 [TestNG-tests-2] INFO  com.petstore.stepDefinitions.PetDetails - User is on the home page
18:57:57.376 [TestNG-tests-1] INFO  com.petstore.stepDefinitions.PetDetails - User is on the home page
18:58:25.693 [TestNG-tests-3] INFO  com.petstore.stepDefinitions.PetDetails - User is on the home page
18:59:48.373 [TestNG-tests-2] INFO  com.petstore.stepDefinitions.PetDetails - User enter the home page
18:59:50.650 [TestNG-tests-2] INFO  com.petstore.stepDefinitions.PetDetails - I verify the page title
19:00:08.702 [TestNG-tests-2] INFO  com.petstore.stepDefinitions.PetDetails - The user is on the home page
19:00:24.610 [TestNG-tests-2] INFO  com.petstore.stepDefinitions.PetDetails - The user is on the home page
19:00:37.377 [TestNG-tests-1] INFO  com.petstore.stepDefinitions.PetDetails - The user is on the home page
19:02:24.504 [TestNG-tests-1] INFO  com.petstore.stepDefinitions.PetDetails - User enter the home page
19:02:26.124 [TestNG-tests-1] INFO  com.petstore.stepDefinitions.PetDetails - I verify the page title
19:02:37.688 [TestNG-tests-1] INFO  com.petstore.stepDefinitions.PetDetails - The user is on the home page
19:02:39.182 [TestNG-tests-1] INFO  com.petstore.stepDefinitions.PetDetails - User enter the login credentials {string} and {string}
19:02:43.671 [TestNG-tests-1] INFO  com.petstore.stepDefinitions.PetDetails - Validate user login successfully
19:02:54.945 [TestNG-tests-1] INFO  com.petstore.stepDefinitions.PetDetails - The user is on the home page
19:02:56.622 [TestNG-tests-1] INFO  com.petstore.stepDefinitions.PetDetails - User enter the login credentials {string} and {string}
19:03:01.363 [TestNG-tests-1] INFO  com.petstore.stepDefinitions.PetDetails - Validate user login successfully
19:03:12.825 [TestNG-tests-1] INFO  com.petstore.stepDefinitions.PetDetails - The user is on the home page
19:03:14.438 [TestNG-tests-1] INFO  com.petstore.stepDefinitions.PetDetails - User enter the login credentials {string} and {string}
19:03:18.033 [TestNG-tests-1] INFO  com.petstore.stepDefinitions.PetDetails - Validate user login successfully
19:03:32.481 [TestNG-tests-1] INFO  com.petstore.stepDefinitions.PetDetails - The user is on home page
19:03:34.048 [TestNG-tests-1] INFO  com.petstore.stepDefinitions.PetDetails - Select the pet,Get the pet list and select the pet you like
19:03:37.975 [TestNG-tests-1] INFO  com.petstore.stepDefinitions.PetDetails - Validating the product title, description, price, images, and availability.
19:03:40.456 [TestNG-tests-1] INFO  com.petstore.stepDefinitions.PetDetails - Validate pet added products to the cart.
19:03:51.270 [TestNG-tests-1] INFO  com.petstore.stepDefinitions.PetDetails - User is on the home page
19:03:52.777 [TestNG-tests-1] INFO  com.petstore.stepDefinitions.PetDetails - User enter the login credentials {string} and {string}
19:03:57.214 [TestNG-tests-1] INFO  com.petstore.stepDefinitions.PetDetails - User enters personal details {string}, {string}, {string}, {string}, {string}, {string}, {string}, {string}, {string}, and {string}
19:04:01.263 [TestNG-tests-1] INFO  com.petstore.stepDefinitions.PetDetails - User enters profile details {string}, {string}, {string}, and {string}
19:04:04.793 [TestNG-tests-1] INFO  com.petstore.stepDefinitions.PetDetails - User is registered successfully
19:04:15.723 [TestNG-tests-1] INFO  com.petstore.stepDefinitions.PetDetails - User is on the home page
19:04:17.268 [TestNG-tests-1] INFO  com.petstore.stepDefinitions.PetDetails - User enter the login credentials {string} and {string}
19:04:21.288 [TestNG-tests-1] INFO  com.petstore.stepDefinitions.PetDetails - User enters personal details {string}, {string}, {string}, {string}, {string}, {string}, {string}, {string}, {string}, and {string}
19:04:25.252 [TestNG-tests-1] INFO  com.petstore.stepDefinitions.PetDetails - User enters profile details {string}, {string}, {string}, and {string}
19:04:28.535 [TestNG-tests-1] INFO  com.petstore.stepDefinitions.PetDetails - User is registered successfully
19:04:39.758 [TestNG-tests-1] INFO  com.petstore.stepDefinitions.PetDetails - User is on the home page
19:04:41.320 [TestNG-tests-1] INFO  com.petstore.stepDefinitions.PetDetails - User enter the login credentials {string} and {string}
19:04:45.498 [TestNG-tests-1] INFO  com.petstore.stepDefinitions.PetDetails - User enters personal details {string}, {string}, {string}, {string}, {string}, {string}, {string}, {string}, {string}, and {string}
19:04:49.534 [TestNG-tests-1] INFO  com.petstore.stepDefinitions.PetDetails - User enters profile details {string}, {string}, {string}, and {string}
19:04:52.782 [TestNG-tests-1] INFO  com.petstore.stepDefinitions.PetDetails - User is registered successfully
19:05:03.540 [TestNG-tests-1] INFO  com.petstore.stepDefinitions.PetDetails - User is on the home page
19:05:05.113 [TestNG-tests-1] INFO  com.petstore.stepDefinitions.PetDetails - User enter the login credentials {string} and {string}
19:05:09.302 [TestNG-tests-1] INFO  com.petstore.stepDefinitions.PetDetails - User enters personal details {string}, {string}, {string}, {string}, {string}, {string}, {string}, {string}, {string}, and {string}
19:05:13.306 [TestNG-tests-1] INFO  com.petstore.stepDefinitions.PetDetails - User enters profile details {string}, {string}, {string}, and {string}
19:05:16.774 [TestNG-tests-1] INFO  com.petstore.stepDefinitions.PetDetails - User is registered successfully
19:05:27.390 [TestNG-tests-1] INFO  com.petstore.stepDefinitions.PetDetails - User is on the home page
19:05:28.819 [TestNG-tests-1] INFO  com.petstore.stepDefinitions.PetDetails - User enter the login credentials {string} and {string}
19:05:33.114 [TestNG-tests-1] INFO  com.petstore.stepDefinitions.PetDetails - User enters personal details {string}, {string}, {string}, {string}, {string}, {string}, {string}, {string}, {string}, and {string}
19:05:37.135 [TestNG-tests-1] INFO  com.petstore.stepDefinitions.PetDetails - User enters profile details {string}, {string}, {string}, and {string}
19:05:40.443 [TestNG-tests-1] INFO  com.petstore.stepDefinitions.PetDetails - User is registered successfully
19:05:56.227 [TestNG-tests-1] INFO  com.petstore.stepDefinitions.PetDetails - the user is on home page
19:05:57.771 [TestNG-tests-1] INFO  com.petstore.stepDefinitions.PetDetails - user search for a {string}, get the pet list and select a pet
19:06:01.879 [TestNG-tests-1] INFO  com.petstore.stepDefinitions.PetDetails - user validate the price of the pet
19:06:15.194 [TestNG-tests-1] INFO  com.petstore.stepDefinitions.PetDetails - the user is on home page
19:06:16.892 [TestNG-tests-1] INFO  com.petstore.stepDefinitions.PetDetails - user search for a {string}, get the pet list and select a pet
19:06:20.170 [TestNG-tests-1] INFO  com.petstore.stepDefinitions.PetDetails - user validate the price of the pet
19:06:33.945 [TestNG-tests-1] INFO  com.petstore.stepDefinitions.PetDetails - the user is on home page
19:06:35.446 [TestNG-tests-1] INFO  com.petstore.stepDefinitions.PetDetails - user search for a {string}, get the pet list and select a pet
19:06:38.931 [TestNG-tests-1] INFO  com.petstore.stepDefinitions.PetDetails - user validate the price of the pet
19:06:53.122 [TestNG-tests-1] INFO  com.petstore.stepDefinitions.PetDetails - the user is on home page
19:06:54.818 [TestNG-tests-1] INFO  com.petstore.stepDefinitions.PetDetails - user search for a {string}, get the pet list and select a pet
19:06:58.412 [TestNG-tests-1] INFO  com.petstore.stepDefinitions.PetDetails - user validate the price of the pet
19:07:12.294 [TestNG-tests-1] INFO  com.petstore.stepDefinitions.PetDetails - the user is on home page
19:07:13.953 [TestNG-tests-1] INFO  com.petstore.stepDefinitions.PetDetails - user search for a {string}, get the pet list and select a pet
19:07:17.395 [TestNG-tests-1] INFO  com.petstore.stepDefinitions.PetDetails - user validate the price of the pet
19:07:31.019 [TestNG-tests-1] INFO  com.petstore.stepDefinitions.PetDetails - the user is on home page to buy pet
19:07:32.717 [TestNG-tests-1] INFO  com.petstore.stepDefinitions.PetDetails - Open pet list
19:07:34.643 [TestNG-tests-1] INFO  com.petstore.stepDefinitions.PetDetails - add pets to cart
19:07:52.030 [TestNG-tests-1] INFO  com.petstore.stepDefinitions.PetDetails - remove and update quantities
19:07:55.652 [TestNG-tests-1] INFO  com.petstore.stepDefinitions.PetDetails - validate proceeding to checkout
19:08:50.181 [TestNG-test=Edge Test-1] INFO  com.petstore.stepDefinitions.PetDetails - User enter the home page
19:08:51.850 [TestNG-test=Edge Test-1] INFO  com.petstore.stepDefinitions.PetDetails - I verify the page title
19:09:03.259 [TestNG-test=Edge Test-1] INFO  com.petstore.stepDefinitions.PetDetails - The user is on the home page
19:09:04.924 [TestNG-test=Edge Test-1] INFO  com.petstore.stepDefinitions.PetDetails - User enter the login credentials {string} and {string}
19:09:09.189 [TestNG-test=Edge Test-1] INFO  com.petstore.stepDefinitions.PetDetails - Validate user login successfully
19:10:38.998 [TestNG-tests-1] INFO  com.petstore.stepDefinitions.PetDetails - User enter the home page
19:10:41.170 [TestNG-tests-1] INFO  com.petstore.stepDefinitions.PetDetails - I verify the page title
19:10:44.660 [TestNG-tests-2] INFO  com.petstore.stepDefinitions.PetDetails - User enter the home page
19:10:57.106 [TestNG-tests-2] INFO  com.petstore.stepDefinitions.PetDetails - The user is on the home page
19:11:09.856 [TestNG-tests-1] INFO  com.petstore.stepDefinitions.PetDetails - The user is on the home page
19:17:25.744 [TestNG-tests-1] INFO  com.petstore.stepDefinitions.PetDetails - User is on the home page
19:17:27.708 [TestNG-tests-1] INFO  com.petstore.stepDefinitions.PetDetails - User enter the login credentials {string} and {string}
19:17:31.806 [TestNG-tests-1] INFO  com.petstore.stepDefinitions.PetDetails - User enters personal details {string}, {string}, {string}, {string}, {string}, {string}, {string}, {string}, {string}, and {string}
19:17:36.493 [TestNG-tests-1] INFO  com.petstore.stepDefinitions.PetDetails - User enters profile details {string}, {string}, {string}, and {string}
19:17:40.614 [TestNG-tests-1] INFO  com.petstore.stepDefinitions.PetDetails - User is registered successfully
19:17:49.581 [TestNG-tests-1] INFO  com.petstore.stepDefinitions.PetDetails - User is on the home page
19:17:51.422 [TestNG-tests-1] INFO  com.petstore.stepDefinitions.PetDetails - User enter the login credentials {string} and {string}
19:58:36.151 [main] INFO  com.petstore.stepDefinitions.PetDetails - User is on the home page
19:58:37.846 [main] INFO  com.petstore.stepDefinitions.PetDetails - User enter the login credentials {string} and {string}
19:58:44.268 [main] INFO  com.petstore.stepDefinitions.PetDetails - User enters personal details {string}, {string}, {string}, {string}, {string}, {string}, {string}, {string}, {string}, and {string}
19:58:48.780 [main] INFO  com.petstore.stepDefinitions.PetDetails - User enters profile details {string}, {string}, {string}, and {string}
19:58:52.732 [main] INFO  com.petstore.stepDefinitions.PetDetails - User is registered successfully
19:59:02.964 [main] INFO  com.petstore.stepDefinitions.PetDetails - User is on the home page
19:59:04.669 [main] INFO  com.petstore.stepDefinitions.PetDetails - User enter the login credentials {string} and {string}
20:00:08.266 [main] INFO  com.petstore.stepDefinitions.PetDetails - User enter the home page
20:00:09.908 [main] INFO  com.petstore.stepDefinitions.PetDetails - I verify the page title
20:00:30.346 [main] INFO  com.petstore.stepDefinitions.PetDetails - The user is on the home page
20:00:32.521 [main] INFO  com.petstore.stepDefinitions.PetDetails - User enter the login credentials {string} and {string}
20:00:38.808 [main] INFO  com.petstore.stepDefinitions.PetDetails - Validate user login successfully
20:00:49.749 [main] INFO  com.petstore.stepDefinitions.PetDetails - The user is on the home page
20:00:51.217 [main] INFO  com.petstore.stepDefinitions.PetDetails - User enter the login credentials {string} and {string}
20:00:55.440 [main] INFO  com.petstore.stepDefinitions.PetDetails - Validate user login successfully
20:01:06.723 [main] INFO  com.petstore.stepDefinitions.PetDetails - The user is on the home page
20:01:08.211 [main] INFO  com.petstore.stepDefinitions.PetDetails - User enter the login credentials {string} and {string}
20:01:12.873 [main] INFO  com.petstore.stepDefinitions.PetDetails - Validate user login successfully
20:01:26.542 [main] INFO  com.petstore.stepDefinitions.PetDetails - The user is on home page
20:01:27.969 [main] INFO  com.petstore.stepDefinitions.PetDetails - Select the pet,Get the pet list and select the pet you like
20:01:34.778 [main] INFO  com.petstore.stepDefinitions.PetDetails - Validating the product title, description, price, images, and availability.
20:01:37.665 [main] INFO  com.petstore.stepDefinitions.PetDetails - Validate pet added products to the cart.
20:01:46.765 [main] INFO  com.petstore.stepDefinitions.PetDetails - User is on the home page
20:01:48.157 [main] INFO  com.petstore.stepDefinitions.PetDetails - User enter the login credentials {string} and {string}
20:01:51.682 [main] INFO  com.petstore.stepDefinitions.PetDetails - User enters personal details {string}, {string}, {string}, {string}, {string}, {string}, {string}, {string}, {string}, and {string}
20:01:55.460 [main] INFO  com.petstore.stepDefinitions.PetDetails - User enters profile details {string}, {string}, {string}, and {string}
20:02:00.350 [main] INFO  com.petstore.stepDefinitions.PetDetails - User is registered successfully
20:02:09.238 [main] INFO  com.petstore.stepDefinitions.PetDetails - User is on the home page
20:02:10.622 [main] INFO  com.petstore.stepDefinitions.PetDetails - User enter the login credentials {string} and {string}
20:02:13.926 [main] INFO  com.petstore.stepDefinitions.PetDetails - User enters personal details {string}, {string}, {string}, {string}, {string}, {string}, {string}, {string}, {string}, and {string}
20:02:17.746 [main] INFO  com.petstore.stepDefinitions.PetDetails - User enters profile details {string}, {string}, {string}, and {string}
20:02:22.256 [main] INFO  com.petstore.stepDefinitions.PetDetails - User is registered successfully
20:02:34.646 [main] INFO  com.petstore.stepDefinitions.PetDetails - User is on the home page
20:02:36.091 [main] INFO  com.petstore.stepDefinitions.PetDetails - User enter the login credentials {string} and {string}
20:02:39.646 [main] INFO  com.petstore.stepDefinitions.PetDetails - User enters personal details {string}, {string}, {string}, {string}, {string}, {string}, {string}, {string}, {string}, and {string}
20:02:43.683 [main] INFO  com.petstore.stepDefinitions.PetDetails - User enters profile details {string}, {string}, {string}, and {string}
20:02:50.212 [main] INFO  com.petstore.stepDefinitions.PetDetails - User is registered successfully
20:02:59.378 [main] INFO  com.petstore.stepDefinitions.PetDetails - User is on the home page
20:03:00.837 [main] INFO  com.petstore.stepDefinitions.PetDetails - User enter the login credentials {string} and {string}
20:03:04.500 [main] INFO  com.petstore.stepDefinitions.PetDetails - User enters personal details {string}, {string}, {string}, {string}, {string}, {string}, {string}, {string}, {string}, and {string}
20:03:08.495 [main] INFO  com.petstore.stepDefinitions.PetDetails - User enters profile details {string}, {string}, {string}, and {string}
20:03:13.315 [main] INFO  com.petstore.stepDefinitions.PetDetails - User is registered successfully
20:03:22.706 [main] INFO  com.petstore.stepDefinitions.PetDetails - User is on the home page
20:03:24.107 [main] INFO  com.petstore.stepDefinitions.PetDetails - User enter the login credentials {string} and {string}
20:03:27.667 [main] INFO  com.petstore.stepDefinitions.PetDetails - User enters personal details {string}, {string}, {string}, {string}, {string}, {string}, {string}, {string}, {string}, and {string}
20:03:31.503 [main] INFO  com.petstore.stepDefinitions.PetDetails - User enters profile details {string}, {string}, {string}, and {string}
20:03:35.075 [main] INFO  com.petstore.stepDefinitions.PetDetails - User is registered successfully
20:03:46.684 [main] INFO  com.petstore.stepDefinitions.PetDetails - the user is on home page
20:03:48.794 [main] INFO  com.petstore.stepDefinitions.PetDetails - user search for a {string}, get the pet list and select a pet
20:03:51.944 [main] INFO  com.petstore.stepDefinitions.PetDetails - user validate the price of the pet
20:04:04.855 [main] INFO  com.petstore.stepDefinitions.PetDetails - the user is on home page
20:04:06.240 [main] INFO  com.petstore.stepDefinitions.PetDetails - user search for a {string}, get the pet list and select a pet
20:04:09.385 [main] INFO  com.petstore.stepDefinitions.PetDetails - user validate the price of the pet
20:04:21.594 [main] INFO  com.petstore.stepDefinitions.PetDetails - the user is on home page
20:04:23.006 [main] INFO  com.petstore.stepDefinitions.PetDetails - user search for a {string}, get the pet list and select a pet
20:04:26.246 [main] INFO  com.petstore.stepDefinitions.PetDetails - user validate the price of the pet
20:04:41.710 [main] INFO  com.petstore.stepDefinitions.PetDetails - the user is on home page
20:04:43.107 [main] INFO  com.petstore.stepDefinitions.PetDetails - user search for a {string}, get the pet list and select a pet
20:04:46.228 [main] INFO  com.petstore.stepDefinitions.PetDetails - user validate the price of the pet
20:04:57.980 [main] INFO  com.petstore.stepDefinitions.PetDetails - the user is on home page
20:04:59.413 [main] INFO  com.petstore.stepDefinitions.PetDetails - user search for a {string}, get the pet list and select a pet
20:05:02.583 [main] INFO  com.petstore.stepDefinitions.PetDetails - user validate the price of the pet
20:05:13.863 [main] INFO  com.petstore.stepDefinitions.PetDetails - the user is on home page to buy pet
20:05:15.844 [main] INFO  com.petstore.stepDefinitions.PetDetails - Open pet list
20:05:17.730 [main] INFO  com.petstore.stepDefinitions.PetDetails - add pets to cart
20:05:37.322 [main] INFO  com.petstore.stepDefinitions.PetDetails - remove and update quantities
20:05:41.437 [main] INFO  com.petstore.stepDefinitions.PetDetails - validate proceeding to checkout
20:05:55.131 [main] INFO  com.petstore.stepDefinitions.PetDetails - User enter the home page
20:05:56.740 [main] INFO  com.petstore.stepDefinitions.PetDetails - I verify the page title
20:06:09.571 [main] INFO  com.petstore.stepDefinitions.PetDetails - The user is on the home page
20:06:10.992 [main] INFO  com.petstore.stepDefinitions.PetDetails - User enter the login credentials {string} and {string}
20:06:14.919 [main] INFO  com.petstore.stepDefinitions.PetDetails - Validate user login successfully
20:06:27.791 [main] INFO  com.petstore.stepDefinitions.PetDetails - The user is on the home page
20:06:29.238 [main] INFO  com.petstore.stepDefinitions.PetDetails - User enter the login credentials {string} and {string}
20:06:33.241 [main] INFO  com.petstore.stepDefinitions.PetDetails - Validate user login successfully
20:06:45.864 [main] INFO  com.petstore.stepDefinitions.PetDetails - The user is on the home page
20:06:47.297 [main] INFO  com.petstore.stepDefinitions.PetDetails - User enter the login credentials {string} and {string}
20:06:51.101 [main] INFO  com.petstore.stepDefinitions.PetDetails - Validate user login successfully
20:07:05.174 [main] INFO  com.petstore.stepDefinitions.PetDetails - The user is on home page
20:07:06.610 [main] INFO  com.petstore.stepDefinitions.PetDetails - Select the pet,Get the pet list and select the pet you like
20:07:10.091 [main] INFO  com.petstore.stepDefinitions.PetDetails - Validating the product title, description, price, images, and availability.
20:07:14.057 [main] INFO  com.petstore.stepDefinitions.PetDetails - Validate pet added products to the cart.
20:07:27.039 [main] INFO  com.petstore.stepDefinitions.PetDetails - User is on the home page
20:07:28.623 [main] INFO  com.petstore.stepDefinitions.PetDetails - User enter the login credentials {string} and {string}
20:07:32.800 [main] INFO  com.petstore.stepDefinitions.PetDetails - User enters personal details {string}, {string}, {string}, {string}, {string}, {string}, {string}, {string}, {string}, and {string}
20:07:36.773 [main] INFO  com.petstore.stepDefinitions.PetDetails - User enters profile details {string}, {string}, {string}, and {string}
20:07:40.704 [main] INFO  com.petstore.stepDefinitions.PetDetails - User is registered successfully
20:07:52.363 [main] INFO  com.petstore.stepDefinitions.PetDetails - User is on the home page
20:07:53.846 [main] INFO  com.petstore.stepDefinitions.PetDetails - User enter the login credentials {string} and {string}
20:07:58.332 [main] INFO  com.petstore.stepDefinitions.PetDetails - User enters personal details {string}, {string}, {string}, {string}, {string}, {string}, {string}, {string}, {string}, and {string}
20:08:02.172 [main] INFO  com.petstore.stepDefinitions.PetDetails - User enters profile details {string}, {string}, {string}, and {string}
20:08:05.354 [main] INFO  com.petstore.stepDefinitions.PetDetails - User is registered successfully
20:08:16.325 [main] INFO  com.petstore.stepDefinitions.PetDetails - User is on the home page
20:08:17.964 [main] INFO  com.petstore.stepDefinitions.PetDetails - User enter the login credentials {string} and {string}
20:08:21.742 [main] INFO  com.petstore.stepDefinitions.PetDetails - User enters personal details {string}, {string}, {string}, {string}, {string}, {string}, {string}, {string}, {string}, and {string}
20:08:25.621 [main] INFO  com.petstore.stepDefinitions.PetDetails - User enters profile details {string}, {string}, {string}, and {string}
20:08:28.650 [main] INFO  com.petstore.stepDefinitions.PetDetails - User is registered successfully
20:08:39.964 [main] INFO  com.petstore.stepDefinitions.PetDetails - User is on the home page
20:08:41.375 [main] INFO  com.petstore.stepDefinitions.PetDetails - User enter the login credentials {string} and {string}
20:08:44.770 [main] INFO  com.petstore.stepDefinitions.PetDetails - User enters personal details {string}, {string}, {string}, {string}, {string}, {string}, {string}, {string}, {string}, and {string}
20:08:49.817 [main] INFO  com.petstore.stepDefinitions.PetDetails - User enters profile details {string}, {string}, {string}, and {string}
20:08:53.160 [main] INFO  com.petstore.stepDefinitions.PetDetails - User is registered successfully
20:09:03.876 [main] INFO  com.petstore.stepDefinitions.PetDetails - User is on the home page
20:09:05.354 [main] INFO  com.petstore.stepDefinitions.PetDetails - User enter the login credentials {string} and {string}
20:09:09.741 [main] INFO  com.petstore.stepDefinitions.PetDetails - User enters personal details {string}, {string}, {string}, {string}, {string}, {string}, {string}, {string}, {string}, and {string}
20:09:13.683 [main] INFO  com.petstore.stepDefinitions.PetDetails - User enters profile details {string}, {string}, {string}, and {string}
20:09:16.761 [main] INFO  com.petstore.stepDefinitions.PetDetails - User is registered successfully
20:09:29.967 [main] INFO  com.petstore.stepDefinitions.PetDetails - the user is on home page
20:09:31.385 [main] INFO  com.petstore.stepDefinitions.PetDetails - user search for a {string}, get the pet list and select a pet
20:09:34.440 [main] INFO  com.petstore.stepDefinitions.PetDetails - user validate the price of the pet
20:09:48.097 [main] INFO  com.petstore.stepDefinitions.PetDetails - the user is on home page
20:09:49.532 [main] INFO  com.petstore.stepDefinitions.PetDetails - user search for a {string}, get the pet list and select a pet
20:09:52.269 [main] INFO  com.petstore.stepDefinitions.PetDetails - user validate the price of the pet
20:10:06.764 [main] INFO  com.petstore.stepDefinitions.PetDetails - the user is on home page
20:10:08.186 [main] INFO  com.petstore.stepDefinitions.PetDetails - user search for a {string}, get the pet list and select a pet
20:10:11.151 [main] INFO  com.petstore.stepDefinitions.PetDetails - user validate the price of the pet
20:10:26.512 [main] INFO  com.petstore.stepDefinitions.PetDetails - the user is on home page
20:10:28.035 [main] INFO  com.petstore.stepDefinitions.PetDetails - user search for a {string}, get the pet list and select a pet
20:10:31.705 [main] INFO  com.petstore.stepDefinitions.PetDetails - user validate the price of the pet
20:10:45.547 [main] INFO  com.petstore.stepDefinitions.PetDetails - the user is on home page
20:10:47.004 [main] INFO  com.petstore.stepDefinitions.PetDetails - user search for a {string}, get the pet list and select a pet
20:10:51.048 [main] INFO  com.petstore.stepDefinitions.PetDetails - user validate the price of the pet
20:11:04.296 [main] INFO  com.petstore.stepDefinitions.PetDetails - the user is on home page to buy pet
20:11:05.814 [main] INFO  com.petstore.stepDefinitions.PetDetails - Open pet list
20:11:07.785 [main] INFO  com.petstore.stepDefinitions.PetDetails - add pets to cart
20:11:22.723 [main] INFO  com.petstore.stepDefinitions.PetDetails - remove and update quantities
20:11:25.700 [main] INFO  com.petstore.stepDefinitions.PetDetails - validate proceeding to checkout
20:11:42.971 [main] INFO  com.petstore.stepDefinitions.PetDetails - User enter the home page
20:11:44.204 [main] INFO  com.petstore.stepDefinitions.PetDetails - I verify the page title
20:11:59.794 [main] INFO  com.petstore.stepDefinitions.PetDetails - The user is on the home page
20:12:01.042 [main] INFO  com.petstore.stepDefinitions.PetDetails - User enter the login credentials {string} and {string}
20:12:04.250 [main] INFO  com.petstore.stepDefinitions.PetDetails - Validate user login successfully
20:12:22.130 [main] INFO  com.petstore.stepDefinitions.PetDetails - The user is on the home page
20:12:23.398 [main] INFO  com.petstore.stepDefinitions.PetDetails - User enter the login credentials {string} and {string}
20:12:26.557 [main] INFO  com.petstore.stepDefinitions.PetDetails - Validate user login successfully
20:12:42.110 [main] INFO  com.petstore.stepDefinitions.PetDetails - The user is on the home page
20:12:43.318 [main] INFO  com.petstore.stepDefinitions.PetDetails - User enter the login credentials {string} and {string}
20:12:46.464 [main] INFO  com.petstore.stepDefinitions.PetDetails - Validate user login successfully
20:13:04.213 [main] INFO  com.petstore.stepDefinitions.PetDetails - The user is on home page
20:13:05.455 [main] INFO  com.petstore.stepDefinitions.PetDetails - Select the pet,Get the pet list and select the pet you like
20:13:09.016 [main] INFO  com.petstore.stepDefinitions.PetDetails - Validating the product title, description, price, images, and availability.
20:13:10.950 [main] INFO  com.petstore.stepDefinitions.PetDetails - Validate pet added products to the cart.
20:13:26.507 [main] INFO  com.petstore.stepDefinitions.PetDetails - User is on the home page
20:13:27.746 [main] INFO  com.petstore.stepDefinitions.PetDetails - User enter the login credentials {string} and {string}
20:13:30.483 [main] INFO  com.petstore.stepDefinitions.PetDetails - User enters personal details {string}, {string}, {string}, {string}, {string}, {string}, {string}, {string}, {string}, and {string}
20:13:32.031 [main] INFO  com.petstore.stepDefinitions.PetDetails - User enters profile details {string}, {string}, {string}, and {string}
20:13:34.783 [main] INFO  com.petstore.stepDefinitions.PetDetails - User is registered successfully
20:13:50.704 [main] INFO  com.petstore.stepDefinitions.PetDetails - User is on the home page
20:13:51.965 [main] INFO  com.petstore.stepDefinitions.PetDetails - User enter the login credentials {string} and {string}
20:13:55.202 [main] INFO  com.petstore.stepDefinitions.PetDetails - User enters personal details {string}, {string}, {string}, {string}, {string}, {string}, {string}, {string}, {string}, and {string}
20:13:56.758 [main] INFO  com.petstore.stepDefinitions.PetDetails - User enters profile details {string}, {string}, {string}, and {string}
20:13:59.745 [main] INFO  com.petstore.stepDefinitions.PetDetails - User is registered successfully
20:14:15.687 [main] INFO  com.petstore.stepDefinitions.PetDetails - User is on the home page
20:14:16.924 [main] INFO  com.petstore.stepDefinitions.PetDetails - User enter the login credentials {string} and {string}
20:14:19.623 [main] INFO  com.petstore.stepDefinitions.PetDetails - User enters personal details {string}, {string}, {string}, {string}, {string}, {string}, {string}, {string}, {string}, and {string}
20:14:21.126 [main] INFO  com.petstore.stepDefinitions.PetDetails - User enters profile details {string}, {string}, {string}, and {string}
20:14:23.736 [main] INFO  com.petstore.stepDefinitions.PetDetails - User is registered successfully
20:14:40.180 [main] INFO  com.petstore.stepDefinitions.PetDetails - User is on the home page
20:14:41.460 [main] INFO  com.petstore.stepDefinitions.PetDetails - User enter the login credentials {string} and {string}
20:14:44.257 [main] INFO  com.petstore.stepDefinitions.PetDetails - User enters personal details {string}, {string}, {string}, {string}, {string}, {string}, {string}, {string}, {string}, and {string}
20:14:45.777 [main] INFO  com.petstore.stepDefinitions.PetDetails - User enters profile details {string}, {string}, {string}, and {string}
20:14:48.889 [main] INFO  com.petstore.stepDefinitions.PetDetails - User is registered successfully
20:15:08.190 [main] INFO  com.petstore.stepDefinitions.PetDetails - User is on the home page
20:15:09.454 [main] INFO  com.petstore.stepDefinitions.PetDetails - User enter the login credentials {string} and {string}
20:15:12.196 [main] INFO  com.petstore.stepDefinitions.PetDetails - User enters personal details {string}, {string}, {string}, {string}, {string}, {string}, {string}, {string}, {string}, and {string}
20:15:13.727 [main] INFO  com.petstore.stepDefinitions.PetDetails - User enters profile details {string}, {string}, {string}, and {string}
20:15:16.239 [main] INFO  com.petstore.stepDefinitions.PetDetails - User is registered successfully
20:15:37.722 [main] INFO  com.petstore.stepDefinitions.PetDetails - the user is on home page
20:15:38.990 [main] INFO  com.petstore.stepDefinitions.PetDetails - user search for a {string}, get the pet list and select a pet
20:15:41.467 [main] INFO  com.petstore.stepDefinitions.PetDetails - user validate the price of the pet
20:16:06.789 [main] INFO  com.petstore.stepDefinitions.PetDetails - the user is on home page
20:16:08.072 [main] INFO  com.petstore.stepDefinitions.PetDetails - user search for a {string}, get the pet list and select a pet
20:16:10.173 [main] INFO  com.petstore.stepDefinitions.PetDetails - user validate the price of the pet
20:16:29.623 [main] INFO  com.petstore.stepDefinitions.PetDetails - the user is on home page
20:16:30.843 [main] INFO  com.petstore.stepDefinitions.PetDetails - user search for a {string}, get the pet list and select a pet
20:16:33.231 [main] INFO  com.petstore.stepDefinitions.PetDetails - user validate the price of the pet
20:16:52.761 [main] INFO  com.petstore.stepDefinitions.PetDetails - the user is on home page
20:16:54.025 [main] INFO  com.petstore.stepDefinitions.PetDetails - user search for a {string}, get the pet list and select a pet
20:16:56.171 [main] INFO  com.petstore.stepDefinitions.PetDetails - user validate the price of the pet
20:17:19.326 [main] INFO  com.petstore.stepDefinitions.PetDetails - the user is on home page
20:17:20.588 [main] INFO  com.petstore.stepDefinitions.PetDetails - user search for a {string}, get the pet list and select a pet
20:17:22.552 [main] INFO  com.petstore.stepDefinitions.PetDetails - user validate the price of the pet
20:17:43.602 [main] INFO  com.petstore.stepDefinitions.PetDetails - the user is on home page to buy pet
20:17:44.922 [main] INFO  com.petstore.stepDefinitions.PetDetails - Open pet list
20:17:46.578 [main] INFO  com.petstore.stepDefinitions.PetDetails - add pets to cart
20:17:51.873 [main] INFO  com.petstore.stepDefinitions.PetDetails - remove and update quantities
20:18:13.362 [main] INFO  com.petstore.stepDefinitions.PetDetails - validate proceeding to checkout
22:46:24.723 [main] INFO  com.petstore.stepDefinitions.PetDetails - User enter the home page
22:46:26.317 [main] INFO  com.petstore.stepDefinitions.PetDetails - I verify the page title
22:46:36.566 [main] INFO  com.petstore.stepDefinitions.PetDetails - The user is on the home page
22:46:38.024 [main] INFO  com.petstore.stepDefinitions.PetDetails - User enter the login credentials {string} and {string}
22:46:42.814 [main] INFO  com.petstore.stepDefinitions.PetDetails - Validate user login successfully
22:46:53.057 [main] INFO  com.petstore.stepDefinitions.PetDetails - The user is on the home page
22:46:54.527 [main] INFO  com.petstore.stepDefinitions.PetDetails - User enter the login credentials {string} and {string}
22:46:59.508 [main] INFO  com.petstore.stepDefinitions.PetDetails - Validate user login successfully
22:47:10.034 [main] INFO  com.petstore.stepDefinitions.PetDetails - The user is on the home page
22:47:11.453 [main] INFO  com.petstore.stepDefinitions.PetDetails - User enter the login credentials {string} and {string}
22:47:16.058 [main] INFO  com.petstore.stepDefinitions.PetDetails - Validate user login successfully
22:47:28.745 [main] INFO  com.petstore.stepDefinitions.PetDetails - The user is on home page
22:47:31.036 [main] INFO  com.petstore.stepDefinitions.PetDetails - Select the pet,Get the pet list and select the pet you like
22:47:35.549 [main] INFO  com.petstore.stepDefinitions.PetDetails - Validating the product title, description, price, images, and availability.
22:47:38.400 [main] INFO  com.petstore.stepDefinitions.PetDetails - Validate pet added products to the cart.
22:47:48.495 [main] INFO  com.petstore.stepDefinitions.PetDetails - User is on the home page
22:47:49.908 [main] INFO  com.petstore.stepDefinitions.PetDetails - User enter the login credentials {string} and {string}
22:47:54.299 [main] INFO  com.petstore.stepDefinitions.PetDetails - User enters personal details {string}, {string}, {string}, {string}, {string}, {string}, {string}, {string}, {string}, and {string}
22:47:59.037 [main] INFO  com.petstore.stepDefinitions.PetDetails - User enters profile details {string}, {string}, {string}, and {string}
22:48:03.038 [main] INFO  com.petstore.stepDefinitions.PetDetails - User is registered successfully
22:48:12.716 [main] INFO  com.petstore.stepDefinitions.PetDetails - User is on the home page
22:48:14.194 [main] INFO  com.petstore.stepDefinitions.PetDetails - User enter the login credentials {string} and {string}
22:48:18.466 [main] INFO  com.petstore.stepDefinitions.PetDetails - User enters personal details {string}, {string}, {string}, {string}, {string}, {string}, {string}, {string}, {string}, and {string}
22:48:23.449 [main] INFO  com.petstore.stepDefinitions.PetDetails - User enters profile details {string}, {string}, {string}, and {string}
22:48:27.034 [main] INFO  com.petstore.stepDefinitions.PetDetails - User is registered successfully
22:48:37.014 [main] INFO  com.petstore.stepDefinitions.PetDetails - User is on the home page
22:48:38.435 [main] INFO  com.petstore.stepDefinitions.PetDetails - User enter the login credentials {string} and {string}
22:48:42.542 [main] INFO  com.petstore.stepDefinitions.PetDetails - User enters personal details {string}, {string}, {string}, {string}, {string}, {string}, {string}, {string}, {string}, and {string}
22:48:47.751 [main] INFO  com.petstore.stepDefinitions.PetDetails - User enters profile details {string}, {string}, {string}, and {string}
22:48:51.294 [main] INFO  com.petstore.stepDefinitions.PetDetails - User is registered successfully
22:49:01.353 [main] INFO  com.petstore.stepDefinitions.PetDetails - User is on the home page
22:49:02.807 [main] INFO  com.petstore.stepDefinitions.PetDetails - User enter the login credentials {string} and {string}
22:49:06.743 [main] INFO  com.petstore.stepDefinitions.PetDetails - User enters personal details {string}, {string}, {string}, {string}, {string}, {string}, {string}, {string}, {string}, and {string}
22:49:11.753 [main] INFO  com.petstore.stepDefinitions.PetDetails - User enters profile details {string}, {string}, {string}, and {string}
22:49:15.629 [main] INFO  com.petstore.stepDefinitions.PetDetails - User is registered successfully
22:49:25.145 [main] INFO  com.petstore.stepDefinitions.PetDetails - User is on the home page
22:49:26.536 [main] INFO  com.petstore.stepDefinitions.PetDetails - User enter the login credentials {string} and {string}
22:49:30.702 [main] INFO  com.petstore.stepDefinitions.PetDetails - User enters personal details {string}, {string}, {string}, {string}, {string}, {string}, {string}, {string}, {string}, and {string}
22:49:35.284 [main] INFO  com.petstore.stepDefinitions.PetDetails - User enters profile details {string}, {string}, {string}, and {string}
22:49:39.019 [main] INFO  com.petstore.stepDefinitions.PetDetails - User is registered successfully
22:49:52.151 [main] INFO  com.petstore.stepDefinitions.PetDetails - the user is on home page
22:49:53.605 [main] INFO  com.petstore.stepDefinitions.PetDetails - user search for a {string}, get the pet list and select a pet
22:49:57.159 [main] INFO  com.petstore.stepDefinitions.PetDetails - user validate the price of the pet
22:50:10.587 [main] INFO  com.petstore.stepDefinitions.PetDetails - the user is on home page
22:50:11.995 [main] INFO  com.petstore.stepDefinitions.PetDetails - user search for a {string}, get the pet list and select a pet
22:50:15.400 [main] INFO  com.petstore.stepDefinitions.PetDetails - user validate the price of the pet
22:50:28.505 [main] INFO  com.petstore.stepDefinitions.PetDetails - the user is on home page
22:50:29.925 [main] INFO  com.petstore.stepDefinitions.PetDetails - user search for a {string}, get the pet list and select a pet
22:50:33.518 [main] INFO  com.petstore.stepDefinitions.PetDetails - user validate the price of the pet
22:50:46.731 [main] INFO  com.petstore.stepDefinitions.PetDetails - the user is on home page
22:50:48.192 [main] INFO  com.petstore.stepDefinitions.PetDetails - user search for a {string}, get the pet list and select a pet
22:50:51.913 [main] INFO  com.petstore.stepDefinitions.PetDetails - user validate the price of the pet
22:51:04.554 [main] INFO  com.petstore.stepDefinitions.PetDetails - the user is on home page
22:51:05.993 [main] INFO  com.petstore.stepDefinitions.PetDetails - user search for a {string}, get the pet list and select a pet
22:51:09.701 [main] INFO  com.petstore.stepDefinitions.PetDetails - user validate the price of the pet
22:51:24.523 [main] INFO  com.petstore.stepDefinitions.PetDetails - the user is on home page to buy pet
22:51:25.936 [main] INFO  com.petstore.stepDefinitions.PetDetails - Open pet list
22:51:27.927 [main] INFO  com.petstore.stepDefinitions.PetDetails - add pets to cart
22:51:47.168 [main] INFO  com.petstore.stepDefinitions.PetDetails - remove and update quantities
22:51:51.668 [main] INFO  com.petstore.stepDefinitions.PetDetails - validate proceeding to checkout
09:41:13.591 [main] INFO  com.petstore.stepDefinitions.PetDetails - User enter the home page
09:41:15.188 [main] INFO  com.petstore.stepDefinitions.PetDetails - I verify the page title
09:42:02.554 [main] INFO  com.petstore.stepDefinitions.PetDetails - The user is on the home page
09:42:04.257 [main] INFO  com.petstore.stepDefinitions.PetDetails - User enter the login credentials {string} and {string}
09:42:08.604 [main] INFO  com.petstore.stepDefinitions.PetDetails - Validate user login successfully
09:42:19.948 [main] INFO  com.petstore.stepDefinitions.PetDetails - The user is on the home page
09:42:21.406 [main] INFO  com.petstore.stepDefinitions.PetDetails - User enter the login credentials {string} and {string}
09:42:25.531 [main] INFO  com.petstore.stepDefinitions.PetDetails - Validate user login successfully
09:42:35.468 [main] INFO  com.petstore.stepDefinitions.PetDetails - The user is on the home page
09:42:37.169 [main] INFO  com.petstore.stepDefinitions.PetDetails - User enter the login credentials {string} and {string}
09:42:50.687 [main] INFO  com.petstore.stepDefinitions.PetDetails - Validate user login successfully
11:35:26.742 [main] INFO  com.petstore.stepDefinitions.PetDetails - The user is on the home page
11:35:28.735 [main] INFO  com.petstore.stepDefinitions.PetDetails - User enter the login credentials {string} and {string}
11:35:37.522 [main] INFO  com.petstore.stepDefinitions.PetDetails - Validate user login successfully
11:35:52.273 [main] INFO  com.petstore.stepDefinitions.PetDetails - The user is on the home page
11:35:54.704 [main] INFO  com.petstore.stepDefinitions.PetDetails - User enter the login credentials {string} and {string}
11:35:55.733 [main] INFO  com.petstore.stepDefinitions.PetDetails - The user is on the home page
11:35:57.563 [main] INFO  com.petstore.stepDefinitions.PetDetails - User enter the login credentials {string} and {string}
11:36:08.234 [main] INFO  com.petstore.stepDefinitions.PetDetails - Validate user login successfully
11:36:08.384 [main] INFO  com.petstore.stepDefinitions.PetDetails - Validate user login successfully
11:36:24.665 [main] INFO  com.petstore.stepDefinitions.PetDetails - The user is on the home page
11:36:24.682 [main] INFO  com.petstore.stepDefinitions.PetDetails - The user is on the home page
11:36:26.345 [main] INFO  com.petstore.stepDefinitions.PetDetails - User enter the login credentials {string} and {string}
11:36:26.352 [main] INFO  com.petstore.stepDefinitions.PetDetails - User enter the login credentials {string} and {string}
11:36:33.091 [main] INFO  com.petstore.stepDefinitions.PetDetails - Validate user login successfully
11:36:33.964 [main] INFO  com.petstore.stepDefinitions.PetDetails - Validate user login successfully
11:36:47.225 [main] INFO  com.petstore.stepDefinitions.PetDetails - The user is on the home page
11:36:48.702 [main] INFO  com.petstore.stepDefinitions.PetDetails - User enter the login credentials {string} and {string}
11:36:53.514 [main] INFO  com.petstore.stepDefinitions.PetDetails - Validate user login successfully
11:37:44.979 [main] INFO  com.petstore.stepDefinitions.PetDetails - User enter the home page
11:37:46.726 [main] INFO  com.petstore.stepDefinitions.PetDetails - I verify the page title
11:37:57.855 [main] INFO  com.petstore.stepDefinitions.PetDetails - The user is on the home page
11:37:59.371 [main] INFO  com.petstore.stepDefinitions.PetDetails - User enter the login credentials {string} and {string}
11:38:04.685 [main] INFO  com.petstore.stepDefinitions.PetDetails - Validate user login successfully
11:38:15.883 [main] INFO  com.petstore.stepDefinitions.PetDetails - The user is on the home page
11:38:17.331 [main] INFO  com.petstore.stepDefinitions.PetDetails - User enter the login credentials {string} and {string}
11:38:22.180 [main] INFO  com.petstore.stepDefinitions.PetDetails - Validate user login successfully
11:38:34.077 [main] INFO  com.petstore.stepDefinitions.PetDetails - The user is on the home page
11:38:35.492 [main] INFO  com.petstore.stepDefinitions.PetDetails - User enter the login credentials {string} and {string}
11:38:40.221 [main] INFO  com.petstore.stepDefinitions.PetDetails - Validate user login successfully
11:38:53.951 [main] INFO  com.petstore.stepDefinitions.PetDetails - The user is on home page
11:38:55.438 [main] INFO  com.petstore.stepDefinitions.PetDetails - Select the pet,Get the pet list and select the pet you like
11:38:59.832 [main] INFO  com.petstore.stepDefinitions.PetDetails - Validating the product title, description, price, images, and availability.
11:39:03.179 [main] INFO  com.petstore.stepDefinitions.PetDetails - Validate pet added products to the cart.
11:39:13.615 [main] INFO  com.petstore.stepDefinitions.PetDetails - User is on the home page
11:39:15.098 [main] INFO  com.petstore.stepDefinitions.PetDetails - User enter the login credentials {string} and {string}
11:39:19.659 [main] INFO  com.petstore.stepDefinitions.PetDetails - User enters personal details {string}, {string}, {string}, {string}, {string}, {string}, {string}, {string}, {string}, and {string}
11:39:26.107 [main] INFO  com.petstore.stepDefinitions.PetDetails - User enters profile details {string}, {string}, {string}, and {string}
11:39:30.495 [main] INFO  com.petstore.stepDefinitions.PetDetails - User is registered successfully
11:39:40.915 [main] INFO  com.petstore.stepDefinitions.PetDetails - User is on the home page
11:39:42.327 [main] INFO  com.petstore.stepDefinitions.PetDetails - User enter the login credentials {string} and {string}
11:39:46.832 [main] INFO  com.petstore.stepDefinitions.PetDetails - User enters personal details {string}, {string}, {string}, {string}, {string}, {string}, {string}, {string}, {string}, and {string}
11:39:52.515 [main] INFO  com.petstore.stepDefinitions.PetDetails - User enters profile details {string}, {string}, {string}, and {string}
11:39:56.369 [main] INFO  com.petstore.stepDefinitions.PetDetails - User is registered successfully
11:40:07.758 [main] INFO  com.petstore.stepDefinitions.PetDetails - User is on the home page
11:40:09.190 [main] INFO  com.petstore.stepDefinitions.PetDetails - User enter the login credentials {string} and {string}
11:40:13.642 [main] INFO  com.petstore.stepDefinitions.PetDetails - User enters personal details {string}, {string}, {string}, {string}, {string}, {string}, {string}, {string}, {string}, and {string}
11:40:19.444 [main] INFO  com.petstore.stepDefinitions.PetDetails - User enters profile details {string}, {string}, {string}, and {string}
11:40:23.089 [main] INFO  com.petstore.stepDefinitions.PetDetails - User is registered successfully
11:40:33.648 [main] INFO  com.petstore.stepDefinitions.PetDetails - User is on the home page
11:40:35.067 [main] INFO  com.petstore.stepDefinitions.PetDetails - User enter the login credentials {string} and {string}
11:40:39.643 [main] INFO  com.petstore.stepDefinitions.PetDetails - User enters personal details {string}, {string}, {string}, {string}, {string}, {string}, {string}, {string}, {string}, and {string}
11:40:45.518 [main] INFO  com.petstore.stepDefinitions.PetDetails - User enters profile details {string}, {string}, {string}, and {string}
11:40:49.465 [main] INFO  com.petstore.stepDefinitions.PetDetails - User is registered successfully
11:41:00.396 [main] INFO  com.petstore.stepDefinitions.PetDetails - User is on the home page
11:41:01.862 [main] INFO  com.petstore.stepDefinitions.PetDetails - User enter the login credentials {string} and {string}
11:41:06.729 [main] INFO  com.petstore.stepDefinitions.PetDetails - User enters personal details {string}, {string}, {string}, {string}, {string}, {string}, {string}, {string}, {string}, and {string}
11:41:12.715 [main] INFO  com.petstore.stepDefinitions.PetDetails - User enters profile details {string}, {string}, {string}, and {string}
11:41:16.234 [main] INFO  com.petstore.stepDefinitions.PetDetails - User is registered successfully
11:41:29.788 [main] INFO  com.petstore.stepDefinitions.PetDetails - the user is on home page
11:41:31.270 [main] INFO  com.petstore.stepDefinitions.PetDetails - user search for a {string}, get the pet list and select a pet
11:41:34.712 [main] INFO  com.petstore.stepDefinitions.PetDetails - user validate the price of the pet
11:41:49.511 [main] INFO  com.petstore.stepDefinitions.PetDetails - the user is on home page
11:41:50.971 [main] INFO  com.petstore.stepDefinitions.PetDetails - user search for a {string}, get the pet list and select a pet
11:41:54.889 [main] INFO  com.petstore.stepDefinitions.PetDetails - user validate the price of the pet
11:42:08.711 [main] INFO  com.petstore.stepDefinitions.PetDetails - the user is on home page
11:42:10.228 [main] INFO  com.petstore.stepDefinitions.PetDetails - user search for a {string}, get the pet list and select a pet
11:42:13.846 [main] INFO  com.petstore.stepDefinitions.PetDetails - user validate the price of the pet
11:42:26.556 [main] INFO  com.petstore.stepDefinitions.PetDetails - the user is on home page
11:42:28.227 [main] INFO  com.petstore.stepDefinitions.PetDetails - user search for a {string}, get the pet list and select a pet
11:42:32.280 [main] INFO  com.petstore.stepDefinitions.PetDetails - user validate the price of the pet
11:42:45.361 [main] INFO  com.petstore.stepDefinitions.PetDetails - the user is on home page
11:42:46.816 [main] INFO  com.petstore.stepDefinitions.PetDetails - user search for a {string}, get the pet list and select a pet
11:42:50.589 [main] INFO  com.petstore.stepDefinitions.PetDetails - user validate the price of the pet
11:43:04.893 [main] INFO  com.petstore.stepDefinitions.PetDetails - the user is on home page to buy pet
11:43:06.982 [main] INFO  com.petstore.stepDefinitions.PetDetails - Open pet list
11:43:08.839 [main] INFO  com.petstore.stepDefinitions.PetDetails - add pets to cart
11:43:28.024 [main] INFO  com.petstore.stepDefinitions.PetDetails - remove and update quantities
11:43:31.858 [main] INFO  com.petstore.stepDefinitions.PetDetails - validate proceeding to checkout
12:09:22.757 [main] INFO  com.petstore.stepDefinitions.PetDetails - User enter the home page
12:09:24.314 [main] INFO  com.petstore.stepDefinitions.PetDetails - I verify the page title
12:09:33.614 [main] INFO  com.petstore.stepDefinitions.PetDetails - The user is on the home page
12:09:35.052 [main] INFO  com.petstore.stepDefinitions.PetDetails - User enter the login credentials {string} and {string}
12:09:40.119 [main] INFO  com.petstore.stepDefinitions.PetDetails - Validate user login successfully
12:09:49.032 [main] INFO  com.petstore.stepDefinitions.PetDetails - The user is on the home page
12:09:50.438 [main] INFO  com.petstore.stepDefinitions.PetDetails - User enter the login credentials {string} and {string}
12:09:54.348 [main] INFO  com.petstore.stepDefinitions.PetDetails - Validate user login successfully
12:10:03.461 [main] INFO  com.petstore.stepDefinitions.PetDetails - The user is on the home page
12:10:04.896 [main] INFO  com.petstore.stepDefinitions.PetDetails - User enter the login credentials {string} and {string}
12:10:09.162 [main] INFO  com.petstore.stepDefinitions.PetDetails - Validate user login successfully
12:10:21.060 [main] INFO  com.petstore.stepDefinitions.PetDetails - The user is on home page
12:10:22.538 [main] INFO  com.petstore.stepDefinitions.PetDetails - Select the pet,Get the pet list and select the pet you like
12:10:26.225 [main] INFO  com.petstore.stepDefinitions.PetDetails - Validating the product title, description, price, images, and availability.
12:10:28.457 [main] INFO  com.petstore.stepDefinitions.PetDetails - Validate pet added products to the cart.
12:10:42.671 [main] INFO  com.petstore.stepDefinitions.PetDetails - User is on the home page
12:10:44.175 [main] INFO  com.petstore.stepDefinitions.PetDetails - User enter the login credentials {string} and {string}
12:10:47.795 [main] INFO  com.petstore.stepDefinitions.PetDetails - User enters personal details {string}, {string}, {string}, {string}, {string}, {string}, {string}, {string}, {string}, and {string}
12:10:51.974 [main] INFO  com.petstore.stepDefinitions.PetDetails - User enters profile details {string}, {string}, {string}, and {string}
12:10:56.428 [main] INFO  com.petstore.stepDefinitions.PetDetails - User is registered successfully
12:11:05.698 [main] INFO  com.petstore.stepDefinitions.PetDetails - User is on the home page
12:11:07.094 [main] INFO  com.petstore.stepDefinitions.PetDetails - User enter the login credentials {string} and {string}
12:11:10.611 [main] INFO  com.petstore.stepDefinitions.PetDetails - User enters personal details {string}, {string}, {string}, {string}, {string}, {string}, {string}, {string}, {string}, and {string}
12:11:14.683 [main] INFO  com.petstore.stepDefinitions.PetDetails - User enters profile details {string}, {string}, {string}, and {string}
12:11:19.744 [main] INFO  com.petstore.stepDefinitions.PetDetails - User is registered successfully
12:11:29.985 [main] INFO  com.petstore.stepDefinitions.PetDetails - User is on the home page
12:11:31.527 [main] INFO  com.petstore.stepDefinitions.PetDetails - User enter the login credentials {string} and {string}
12:11:35.846 [main] INFO  com.petstore.stepDefinitions.PetDetails - User enters personal details {string}, {string}, {string}, {string}, {string}, {string}, {string}, {string}, {string}, and {string}
12:11:40.010 [main] INFO  com.petstore.stepDefinitions.PetDetails - User enters profile details {string}, {string}, {string}, and {string}
12:11:43.561 [main] INFO  com.petstore.stepDefinitions.PetDetails - User is registered successfully
12:11:52.646 [main] INFO  com.petstore.stepDefinitions.PetDetails - User is on the home page
12:11:54.043 [main] INFO  com.petstore.stepDefinitions.PetDetails - User enter the login credentials {string} and {string}
12:11:57.574 [main] INFO  com.petstore.stepDefinitions.PetDetails - User enters personal details {string}, {string}, {string}, {string}, {string}, {string}, {string}, {string}, {string}, and {string}
12:12:01.759 [main] INFO  com.petstore.stepDefinitions.PetDetails - User enters profile details {string}, {string}, {string}, and {string}
12:12:05.416 [main] INFO  com.petstore.stepDefinitions.PetDetails - User is registered successfully
12:12:16.589 [main] INFO  com.petstore.stepDefinitions.PetDetails - User is on the home page
12:12:18.240 [main] INFO  com.petstore.stepDefinitions.PetDetails - User enter the login credentials {string} and {string}
12:12:22.933 [main] INFO  com.petstore.stepDefinitions.PetDetails - User enters personal details {string}, {string}, {string}, {string}, {string}, {string}, {string}, {string}, {string}, and {string}
12:12:27.338 [main] INFO  com.petstore.stepDefinitions.PetDetails - User enters profile details {string}, {string}, {string}, and {string}
12:12:34.641 [main] INFO  com.petstore.stepDefinitions.PetDetails - User is registered successfully
12:12:49.918 [main] INFO  com.petstore.stepDefinitions.PetDetails - the user is on home page
12:12:51.385 [main] INFO  com.petstore.stepDefinitions.PetDetails - user search for a {string}, get the pet list and select a pet
12:12:54.684 [main] INFO  com.petstore.stepDefinitions.PetDetails - user validate the price of the pet
12:13:11.834 [main] INFO  com.petstore.stepDefinitions.PetDetails - the user is on home page
12:13:13.277 [main] INFO  com.petstore.stepDefinitions.PetDetails - user search for a {string}, get the pet list and select a pet
12:13:16.159 [main] INFO  com.petstore.stepDefinitions.PetDetails - user validate the price of the pet
12:13:28.480 [main] INFO  com.petstore.stepDefinitions.PetDetails - the user is on home page
12:13:30.681 [main] INFO  com.petstore.stepDefinitions.PetDetails - user search for a {string}, get the pet list and select a pet
12:13:33.769 [main] INFO  com.petstore.stepDefinitions.PetDetails - user validate the price of the pet
12:13:45.388 [main] INFO  com.petstore.stepDefinitions.PetDetails - the user is on home page
12:13:47.087 [main] INFO  com.petstore.stepDefinitions.PetDetails - user search for a {string}, get the pet list and select a pet
12:13:50.064 [main] INFO  com.petstore.stepDefinitions.PetDetails - user validate the price of the pet
12:14:04.135 [main] INFO  com.petstore.stepDefinitions.PetDetails - the user is on home page
12:14:05.804 [main] INFO  com.petstore.stepDefinitions.PetDetails - user search for a {string}, get the pet list and select a pet
12:14:08.949 [main] INFO  com.petstore.stepDefinitions.PetDetails - user validate the price of the pet
12:14:21.244 [main] INFO  com.petstore.stepDefinitions.PetDetails - the user is on home page to buy pet
12:14:22.801 [main] INFO  com.petstore.stepDefinitions.PetDetails - Open pet list
12:14:25.056 [main] INFO  com.petstore.stepDefinitions.PetDetails - add pets to cart
12:14:43.419 [main] INFO  com.petstore.stepDefinitions.PetDetails - remove and update quantities
12:14:46.766 [main] INFO  com.petstore.stepDefinitions.PetDetails - validate proceeding to checkout
12:23:40.079 [main] INFO  com.petstore.stepDefinitions.PetDetails - User enter the home page
12:23:41.762 [main] INFO  com.petstore.stepDefinitions.PetDetails - I verify the page title
12:23:52.802 [main] INFO  com.petstore.stepDefinitions.PetDetails - The user is on the home page
12:23:54.252 [main] INFO  com.petstore.stepDefinitions.PetDetails - User enter the login credentials {string} and {string}
12:23:59.722 [main] INFO  com.petstore.stepDefinitions.PetDetails - Validate user login successfully
12:24:10.920 [main] INFO  com.petstore.stepDefinitions.PetDetails - The user is on the home page
12:24:12.417 [main] INFO  com.petstore.stepDefinitions.PetDetails - User enter the login credentials {string} and {string}
12:24:17.297 [main] INFO  com.petstore.stepDefinitions.PetDetails - Validate user login successfully
12:24:29.733 [main] INFO  com.petstore.stepDefinitions.PetDetails - The user is on the home page
12:24:31.237 [main] INFO  com.petstore.stepDefinitions.PetDetails - User enter the login credentials {string} and {string}
12:24:36.012 [main] INFO  com.petstore.stepDefinitions.PetDetails - Validate user login successfully
12:24:50.969 [main] INFO  com.petstore.stepDefinitions.PetDetails - The user is on home page
12:24:52.546 [main] INFO  com.petstore.stepDefinitions.PetDetails - Select the pet,Get the pet list and select the pet you like
12:24:57.331 [main] INFO  com.petstore.stepDefinitions.PetDetails - Validating the product title, description, price, images, and availability.
12:25:00.433 [main] INFO  com.petstore.stepDefinitions.PetDetails - Validate pet added products to the cart.
12:25:12.262 [main] INFO  com.petstore.stepDefinitions.PetDetails - User is on the home page
12:25:13.713 [main] INFO  com.petstore.stepDefinitions.PetDetails - User enter the login credentials {string} and {string}
12:25:18.138 [main] INFO  com.petstore.stepDefinitions.PetDetails - User enters personal details {string}, {string}, {string}, {string}, {string}, {string}, {string}, {string}, {string}, and {string}
12:25:23.369 [main] INFO  com.petstore.stepDefinitions.PetDetails - User enters profile details {string}, {string}, {string}, and {string}
12:25:27.501 [main] INFO  com.petstore.stepDefinitions.PetDetails - User is registered successfully
12:25:38.007 [main] INFO  com.petstore.stepDefinitions.PetDetails - User is on the home page
12:25:39.392 [main] INFO  com.petstore.stepDefinitions.PetDetails - User enter the login credentials {string} and {string}
12:25:43.726 [main] INFO  com.petstore.stepDefinitions.PetDetails - User enters personal details {string}, {string}, {string}, {string}, {string}, {string}, {string}, {string}, {string}, and {string}
12:25:48.855 [main] INFO  com.petstore.stepDefinitions.PetDetails - User enters profile details {string}, {string}, {string}, and {string}
12:25:53.839 [main] INFO  com.petstore.stepDefinitions.PetDetails - User is registered successfully
12:26:04.408 [main] INFO  com.petstore.stepDefinitions.PetDetails - User is on the home page
12:26:05.892 [main] INFO  com.petstore.stepDefinitions.PetDetails - User enter the login credentials {string} and {string}
12:26:11.260 [main] INFO  com.petstore.stepDefinitions.PetDetails - User enters personal details {string}, {string}, {string}, {string}, {string}, {string}, {string}, {string}, {string}, and {string}
12:26:16.683 [main] INFO  com.petstore.stepDefinitions.PetDetails - User enters profile details {string}, {string}, {string}, and {string}
12:26:20.200 [main] INFO  com.petstore.stepDefinitions.PetDetails - User is registered successfully
12:26:30.122 [main] INFO  com.petstore.stepDefinitions.PetDetails - User is on the home page
12:26:31.531 [main] INFO  com.petstore.stepDefinitions.PetDetails - User enter the login credentials {string} and {string}
12:26:35.816 [main] INFO  com.petstore.stepDefinitions.PetDetails - User enters personal details {string}, {string}, {string}, {string}, {string}, {string}, {string}, {string}, {string}, and {string}
12:26:41.385 [main] INFO  com.petstore.stepDefinitions.PetDetails - User enters profile details {string}, {string}, {string}, and {string}
12:26:45.458 [main] INFO  com.petstore.stepDefinitions.PetDetails - User is registered successfully
12:26:55.458 [main] INFO  com.petstore.stepDefinitions.PetDetails - User is on the home page
12:26:56.921 [main] INFO  com.petstore.stepDefinitions.PetDetails - User enter the login credentials {string} and {string}
12:27:01.028 [main] INFO  com.petstore.stepDefinitions.PetDetails - User enters personal details {string}, {string}, {string}, {string}, {string}, {string}, {string}, {string}, {string}, and {string}
12:27:05.774 [main] INFO  com.petstore.stepDefinitions.PetDetails - User enters profile details {string}, {string}, {string}, and {string}
12:27:09.651 [main] INFO  com.petstore.stepDefinitions.PetDetails - User is registered successfully
12:27:22.938 [main] INFO  com.petstore.stepDefinitions.PetDetails - the user is on home page
12:27:24.544 [main] INFO  com.petstore.stepDefinitions.PetDetails - user search for a {string}, get the pet list and select a pet
12:27:27.750 [main] INFO  com.petstore.stepDefinitions.PetDetails - user validate the price of the pet
12:27:40.083 [main] INFO  com.petstore.stepDefinitions.PetDetails - the user is on home page
12:27:42.085 [main] INFO  com.petstore.stepDefinitions.PetDetails - user search for a {string}, get the pet list and select a pet
12:27:45.191 [main] INFO  com.petstore.stepDefinitions.PetDetails - user validate the price of the pet
12:27:57.034 [main] INFO  com.petstore.stepDefinitions.PetDetails - the user is on home page
12:27:59.260 [main] INFO  com.petstore.stepDefinitions.PetDetails - user search for a {string}, get the pet list and select a pet
12:28:02.598 [main] INFO  com.petstore.stepDefinitions.PetDetails - user validate the price of the pet
12:28:14.307 [main] INFO  com.petstore.stepDefinitions.PetDetails - the user is on home page
12:28:15.717 [main] INFO  com.petstore.stepDefinitions.PetDetails - user search for a {string}, get the pet list and select a pet
12:28:20.475 [main] INFO  com.petstore.stepDefinitions.PetDetails - user validate the price of the pet
12:28:33.891 [main] INFO  com.petstore.stepDefinitions.PetDetails - the user is on home page
12:28:35.346 [main] INFO  com.petstore.stepDefinitions.PetDetails - user search for a {string}, get the pet list and select a pet
12:28:38.872 [main] INFO  com.petstore.stepDefinitions.PetDetails - user validate the price of the pet
12:28:50.305 [main] INFO  com.petstore.stepDefinitions.PetDetails - the user is on home page to buy pet
12:28:51.897 [main] INFO  com.petstore.stepDefinitions.PetDetails - Open pet list
12:28:53.766 [main] INFO  com.petstore.stepDefinitions.PetDetails - add pets to cart
12:29:13.394 [main] INFO  com.petstore.stepDefinitions.PetDetails - remove and update quantities
12:29:17.515 [main] INFO  com.petstore.stepDefinitions.PetDetails - validate proceeding to checkout
